2026-05-23 03:56:31.213: [INFO] VisibilityChanged: 0
2026-05-23 03:56:31.258: [INFO] RecordSyncInitDuration has_sync_been_enabled: 0 state: 0
2026-05-23 03:56:31.261: [INFO] RecordSyncInitDuration has_sync_been_enabled: 0 state: 0
2026-05-23 03:56:31.264: [INFO] RecordSyncInitDuration has_sync_been_enabled: 0 state: 0
2026-05-23 03:56:31.268: [INFO] RecordSyncInitDuration has_sync_been_enabled: 0 state: 0
2026-05-23 03:56:31.269: [INFO] RecordSyncInitDuration has_sync_been_enabled: 0 state: 0
2026-05-23 03:56:31.271: [INFO] RecordSyncInitDuration has_sync_been_enabled: 0 state: 0
2026-05-23 03:56:31.273: [INFO] RecordSyncInitDuration has_sync_been_enabled: 0 state: 0
2026-05-23 03:56:31.275: [INFO] RecordSyncInitDuration has_sync_been_enabled: 0 state: 0
2026-05-23 03:56:31.276: [INFO] RecordSyncInitDuration has_sync_been_enabled: 0 state: 0
2026-05-23 03:56:31.278: [INFO] RecordSyncInitDuration has_sync_been_enabled: 0 state: 0
2026-05-23 03:56:31.279: [INFO] RecordSyncInitDuration has_sync_been_enabled: 0 state: 0
2026-05-23 03:56:31.280: [INFO] RecordSyncInitDuration has_sync_been_enabled: 0 state: 0
2026-05-23 03:56:31.296: [INFO] BookmarkNodeAdded, ABU: 0
2026-05-23 03:56:31.296: [INFO] BookmarkNodeAdded, ABU: 0
2026-05-23 03:56:31.296: [INFO] BookmarkNodeAdded, ABU: 0
2026-05-23 03:56:31.296: [INFO] BookmarkModelLoaded, ids_reassigned: 0
2026-05-23 03:56:31.296: [INFO] OnDoneLoading sync enabled: 0
2026-05-23 03:56:31.355: [INFO] RecordSyncInitDuration has_sync_been_enabled: 0 state: 0
2026-05-23 03:56:32.913: [INFO] RecordSyncInitDuration has_sync_been_enabled: 0 state: 0
2026-05-23 03:56:32.917: [INFO] RecordSyncInitDuration has_sync_been_enabled: 0 state: 3
2026-05-23 03:56:32.919: [INFO] Primary account changed.
2026-05-23 03:56:32.919: [INFO] OnPrimaryAccountChanged PrimaryAccountChangeEvent::Type::kSet
2026-05-23 03:56:32.926: [INFO] RecordSyncInitDuration has_sync_been_enabled: 0 state: 3
2026-05-23 03:56:32.946: [INFO] RecordSyncInitDuration has_sync_been_enabled: 0 state: 3
2026-05-23 03:56:36.673: [INFO] BookmarkNodeAdded, ABU: 0
2026-05-23 03:56:36.674: [INFO] BookmarkNodeAdded, ABU: 0
2026-05-23 03:56:36.675: [INFO] BookmarkNodeAdded, ABU: 0
2026-05-23 03:56:40.443: [INFO] Sync initialization duration: 7401ms
2026-05-23 04:32:07.904: [INFO] VisibilityChanged: 0
2026-05-23 04:32:07.976: [INFO] BookmarkNodeAdded, ABU: 0
2026-05-23 04:32:07.977: [INFO] BookmarkNodeAdded, ABU: 0
2026-05-23 04:32:07.978: [INFO] BookmarkNodeAdded, ABU: 0
2026-05-23 04:32:07.978: [INFO] BookmarkModelLoaded, ids_reassigned: 0
2026-05-23 04:32:07.978: [INFO] OnDoneLoading sync enabled: 1
2026-05-23 04:32:15.067: [INFO] Sync initialization duration: 1271ms
