{"logTime": "0523/035634", "correlationVector":"3qxFysCNdefyl7s64IK3Ad.1","action":"SyncServerConnectionManagerRequest", "result":"SYNC_SERVER_OK", "context":{"environment":"Prod_southeastasia_prod-s01-065-apac-southeastasia", "migrationStage":"NotStarted", "server":"akswtt001000004"}}
{"logTime": "0523/035634", "correlationVector":"3qxFysCNdefyl7s64IK3Ad.2","action":"ProcessGetUpdates", "result":"Done", "context":{"dataType":"Encryption Keys", "deleted":"0", "process_failed_to_decrypt":"0", "process_pending_decryption":"0", "process_success":"1", "total":"1"}}
{"logTime": "0523/035635", "correlationVector":"nU8b/MYdpxrPdxIFOs014K","action":"SyncServerConnectionManagerRequest", "result":"SYNC_SERVER_OK", "context":{"environment":"", "migrationStage":"", "server":""}}
{"logTime": "0523/035635", "correlationVector":"nU8b/MYdpxrPdxIFOs014K.0","action":"EncryptionKeysFetcher.DownloadKeys:", "result":"Success", "context":Key count: 6, Last key timestamp: 2026-01-13T15:12:05Z}
{"logTime": "0523/035635", "correlationVector":"nU8b/MYdpxrPdxIFOs014K.1","action":"EncryptionKeysManager::SetEncryptionKeys:", "result":"Success", "context":Key names[6]:[GYRMwZ/FVH+jek6knM9kHPtR66Qb8GnGT6PFPLdM0EbKMJAtNdrWJDowmRaIgsGJceu16tGkDJE+Ya75yW3kzg==][kftzb3qRF5TFoOtOeKiwqgpfzyztTL1H1PFRi+Ja5TRnzCCu2nq+lFwyuJk8sbcxhxfaj/2hiZ811pGD6eu3tQ==][x8AB6KXkoWIkW3lUh/lUU/709/dSY0MUi+O8TfEPbNbH1pDa+MEl+lO4/01oumg95A5Ptc9CRhdg8BoZlDcPRQ==][wp8MTuHNMbCvpcPPFtRKrBj7mwfEq+esi/Ds4PQRY3LCOCApSiVsvF5GZud9VJxqRgxsJYCUuxNFmbb9wsWPEA==][AGQCbkJ/BDvUyehub255hd0/dDneVaTSOHL4nxqCeLOgx+h37973d4Ir0zHHC2RrkVc3nQKNCCqA/VYDp6eWDw==][5FjLOQ9svu3RLx1bNDVjH2rnUfQGE7m3vLMQhQECMYd2telyjiLQgokCy9wg8JFCwlK/31ospP72CaCT7abWZg==]}
{"logTime": "0523/035635", "correlationVector":"nU8b/MYdpxrPdxIFOs014K.2","action":"EncryptionKeysManager::SetEncryptionKeysWithTimestamps:", "result":"Success", "context":Key timestamps[6]:[2023-11-05T16:21:40Z][2024-07-07T22:28:51Z][2024-07-20T16:51:45Z][2025-01-16T22:26:03Z][2025-07-17T11:00:23Z][2026-01-13T15:12:05Z]}
{"logTime": "0523/035635", "correlationVector":"3qxFysCNdefyl7s64IK3Ad","action":"Initial GetUpdates", "result":"", "context":Reason: NEW_CLIENT. cV=3qxFysCNdefyl7s64IK3Ad}
{"logTime": "0523/035635", "correlationVector":"3qxFysCNdefyl7s64IK3Ad.3","action":"GetUpdates Response", "result":"Success", "context":Received 1 update(s). cV=3qxFysCNdefyl7s64IK3Ad.0;server=akswtt001000004;cloudType=Consumer;environment=Prod_southeastasia_prod-s01-065-apac-southeastasia;migrationStage=NotStarted}
{"logTime": "0523/035635", "correlationVector":"nDbrzSTgjZkl5DDY6LFua4","action":"Initial GetUpdates", "result":"", "context":Reason: NEWLY_SUPPORTED_DATATYPE. cV=nDbrzSTgjZkl5DDY6LFua4}
{"logTime": "0523/035636", "correlationVector":"nDbrzSTgjZkl5DDY6LFua4.1","action":"SyncServerConnectionManagerRequest", "result":"SYNC_SERVER_OK", "context":{"environment":"Prod_southeastasia_prod-s01-065-apac-southeastasia", "migrationStage":"NotStarted", "server":"akswtt001000002"}}
{"logTime": "0523/035636", "correlationVector":"nDbrzSTgjZkl5DDY6LFua4.2","action":"ProcessGetUpdates", "result":"Done", "context":{"dataType":"Preferences", "deleted":"0", "process_failed_to_decrypt":"0", "process_pending_decryption":"0", "process_success":"86", "total":"86"}}
{"logTime": "0523/035636", "correlationVector":"nDbrzSTgjZkl5DDY6LFua4.3","action":"ProcessGetUpdates", "result":"Done", "context":{"dataType":"Passwords", "deleted":"0", "process_failed_to_decrypt":"0", "process_pending_decryption":"0", "process_success":"23", "total":"23"}}
{"logTime": "0523/035636", "correlationVector":"nDbrzSTgjZkl5DDY6LFua4.4","action":"ProcessGetUpdates", "result":"Done", "context":{"dataType":"Device Info", "deleted":"0", "process_failed_to_decrypt":"0", "process_pending_decryption":"0", "process_success":"6", "total":"6"}}
{"logTime": "0523/035636", "correlationVector":"nDbrzSTgjZkl5DDY6LFua4.5","action":"GetUpdates Response", "result":"Success", "context":Received 115 update(s). cV=nDbrzSTgjZkl5DDY6LFua4.0;server=akswtt001000002;cloudType=Consumer;environment=Prod_southeastasia_prod-s01-065-apac-southeastasia;migrationStage=NotStarted}
{"logTime": "0523/035636", "correlationVector":"7ky3sN0xVj9WSRAijN8kTC","action":"Initial GetUpdates", "result":"", "context":Reason: NEWLY_SUPPORTED_DATATYPE. cV=7ky3sN0xVj9WSRAijN8kTC}
{"logTime": "0523/035636", "correlationVector":"7ky3sN0xVj9WSRAijN8kTC.1","action":"SyncServerConnectionManagerRequest", "result":"SYNC_SERVER_OK", "context":{"environment":"Prod_southeastasia_prod-s01-065-apac-southeastasia", "migrationStage":"NotStarted", "server":"akswtt001000001"}}
{"logTime": "0523/035636", "correlationVector":"7ky3sN0xVj9WSRAijN8kTC.2","action":"ProcessGetUpdates", "result":"Done", "context":{"dataType":"Bookmarks", "deleted":"0", "process_failed_to_decrypt":"0", "process_pending_decryption":"0", "process_success":"9", "total":"9"}}
{"logTime": "0523/035636", "correlationVector":"7ky3sN0xVj9WSRAijN8kTC.3","action":"GetUpdates Response", "result":"Success", "context":Received 9 update(s). cV=7ky3sN0xVj9WSRAijN8kTC.0;server=akswtt001000001;cloudType=Consumer;environment=Prod_southeastasia_prod-s01-065-apac-southeastasia;migrationStage=NotStarted}
{"logTime": "0523/035636", "correlationVector":"KGPHNTAlOGYFYdeOIlCmjN","action":"Initial GetUpdates", "result":"", "context":Reason: NEWLY_SUPPORTED_DATATYPE. cV=KGPHNTAlOGYFYdeOIlCmjN}
{"logTime": "0523/035639", "correlationVector":"KGPHNTAlOGYFYdeOIlCmjN.1","action":"SyncServerConnectionManagerRequest", "result":"SYNC_SERVER_OK", "context":{"environment":"Prod_southeastasia_prod-s01-065-apac-southeastasia", "migrationStage":"NotStarted", "server":"akswtt001000009"}}
{"logTime": "0523/035639", "correlationVector":"KGPHNTAlOGYFYdeOIlCmjN.2","action":"ProcessGetUpdates", "result":"Done", "context":{"dataType":"Autofill Profiles", "deleted":"0", "process_failed_to_decrypt":"0", "process_pending_decryption":"0", "process_success":"3", "total":"3"}}
{"logTime": "0523/035639", "correlationVector":"KGPHNTAlOGYFYdeOIlCmjN.3","action":"ProcessGetUpdates", "result":"Done", "context":{"dataType":"Autofill", "deleted":"0", "process_failed_to_decrypt":"0", "process_pending_decryption":"0", "process_success":"247", "total":"247"}}
{"logTime": "0523/035639", "correlationVector":"KGPHNTAlOGYFYdeOIlCmjN.4","action":"GetUpdates Response", "result":"Success", "context":Received 250 update(s). cV=KGPHNTAlOGYFYdeOIlCmjN.0;server=akswtt001000009;cloudType=Consumer;environment=Prod_southeastasia_prod-s01-065-apac-southeastasia;migrationStage=NotStarted Some updates remain.}
{"logTime": "0523/035639", "correlationVector":"368VwUOmpwXYGl4VqC200n","action":"Initial GetUpdates", "result":"", "context":Reason: NEWLY_SUPPORTED_DATATYPE. cV=368VwUOmpwXYGl4VqC200n}
{"logTime": "0523/035639", "correlationVector":"368VwUOmpwXYGl4VqC200n.1","action":"SyncServerConnectionManagerRequest", "result":"SYNC_SERVER_OK", "context":{"environment":"Prod_southeastasia_prod-s01-065-apac-southeastasia", "migrationStage":"NotStarted", "server":"akswtt00100000s"}}
{"logTime": "0523/035639", "correlationVector":"368VwUOmpwXYGl4VqC200n.2","action":"ProcessGetUpdates", "result":"Done", "context":{"dataType":"Autofill Profiles", "deleted":"0", "process_failed_to_decrypt":"0", "process_pending_decryption":"0", "process_success":"1", "total":"1"}}
{"logTime": "0523/035639", "correlationVector":"368VwUOmpwXYGl4VqC200n.3","action":"ProcessGetUpdates", "result":"Done", "context":{"dataType":"Autofill", "deleted":"0", "process_failed_to_decrypt":"0", "process_pending_decryption":"0", "process_success":"185", "total":"185"}}
{"logTime": "0523/035639", "correlationVector":"368VwUOmpwXYGl4VqC200n.4","action":"ProcessGetUpdates", "result":"Done", "context":{"dataType":"Sessions", "deleted":"64", "process_failed_to_decrypt":"0", "process_pending_decryption":"0", "process_success":"64", "total":"64"}}
{"logTime": "0523/035639", "correlationVector":"368VwUOmpwXYGl4VqC200n.5","action":"GetUpdates Response", "result":"Success", "context":Received 250 update(s). cV=368VwUOmpwXYGl4VqC200n.0;server=akswtt00100000s;cloudType=Consumer;environment=Prod_southeastasia_prod-s01-065-apac-southeastasia;migrationStage=NotStarted Some updates remain.}
{"logTime": "0523/035639", "correlationVector":"Vf/Bp7bm738JeR+BDtMLXV","action":"Initial GetUpdates", "result":"", "context":Reason: NEWLY_SUPPORTED_DATATYPE. cV=Vf/Bp7bm738JeR+BDtMLXV}
{"logTime": "0523/035640", "correlationVector":"Vf/Bp7bm738JeR+BDtMLXV.1","action":"SyncServerConnectionManagerRequest", "result":"SYNC_SERVER_OK", "context":{"environment":"Prod_southeastasia_prod-s01-065-apac-southeastasia", "migrationStage":"NotStarted", "server":"akswtt00100000f"}}
{"logTime": "0523/035640", "correlationVector":"Vf/Bp7bm738JeR+BDtMLXV.2","action":"ProcessGetUpdates", "result":"Done", "context":{"dataType":"Autofill Profiles", "deleted":"0", "process_failed_to_decrypt":"0", "process_pending_decryption":"0", "process_success":"1", "total":"1"}}
{"logTime": "0523/035640", "correlationVector":"Vf/Bp7bm738JeR+BDtMLXV.3","action":"ProcessGetUpdates", "result":"Done", "context":{"dataType":"Autofill", "deleted":"0", "process_failed_to_decrypt":"0", "process_pending_decryption":"0", "process_success":"22", "total":"22"}}
{"logTime": "0523/035640", "correlationVector":"Vf/Bp7bm738JeR+BDtMLXV.4","action":"ProcessGetUpdates", "result":"Done", "context":{"dataType":"Sessions", "deleted":"218", "process_failed_to_decrypt":"0", "process_pending_decryption":"0", "process_success":"218", "total":"218"}}
{"logTime": "0523/035640", "correlationVector":"Vf/Bp7bm738JeR+BDtMLXV.5","action":"ProcessGetUpdates", "result":"Done", "context":{"dataType":"Edge Hub App Usage", "deleted":"8", "process_failed_to_decrypt":"0", "process_pending_decryption":"0", "process_success":"9", "total":"9"}}
{"logTime": "0523/035640", "correlationVector":"Vf/Bp7bm738JeR+BDtMLXV.6","action":"GetUpdates Response", "result":"Success", "context":Received 250 update(s). cV=Vf/Bp7bm738JeR+BDtMLXV.0;server=akswtt00100000f;cloudType=Consumer;environment=Prod_southeastasia_prod-s01-065-apac-southeastasia;migrationStage=NotStarted Some updates remain.}
{"logTime": "0523/035640", "correlationVector":"NagDpE3P57OKU8CZB8w6U3","action":"Initial GetUpdates", "result":"", "context":Reason: NEWLY_SUPPORTED_DATATYPE. cV=NagDpE3P57OKU8CZB8w6U3}
{"logTime": "0523/035640", "correlationVector":"NagDpE3P57OKU8CZB8w6U3.1","action":"SyncServerConnectionManagerRequest", "result":"SYNC_SERVER_OK", "context":{"environment":"Prod_southeastasia_prod-s01-065-apac-southeastasia", "migrationStage":"NotStarted", "server":"akswtt00100000t"}}
{"logTime": "0523/035640", "correlationVector":"NagDpE3P57OKU8CZB8w6U3.2","action":"ProcessGetUpdates", "result":"Done", "context":{"dataType":"Autofill Profiles", "deleted":"0", "process_failed_to_decrypt":"0", "process_pending_decryption":"0", "process_success":"1", "total":"1"}}
{"logTime": "0523/035640", "correlationVector":"NagDpE3P57OKU8CZB8w6U3.3","action":"ProcessGetUpdates", "result":"Done", "context":{"dataType":"Autofill", "deleted":"0", "process_failed_to_decrypt":"0", "process_pending_decryption":"0", "process_success":"11", "total":"11"}}
{"logTime": "0523/035640", "correlationVector":"NagDpE3P57OKU8CZB8w6U3.4","action":"ProcessGetUpdates", "result":"Done", "context":{"dataType":"Sessions", "deleted":"186", "process_failed_to_decrypt":"0", "process_pending_decryption":"0", "process_success":"195", "total":"195"}}
{"logTime": "0523/035640", "correlationVector":"NagDpE3P57OKU8CZB8w6U3.5","action":"ProcessGetUpdates", "result":"Done", "context":{"dataType":"Web Apps", "deleted":"0", "process_failed_to_decrypt":"0", "process_pending_decryption":"0", "process_success":"1", "total":"1"}}
{"logTime": "0523/035640", "correlationVector":"NagDpE3P57OKU8CZB8w6U3.6","action":"ProcessGetUpdates", "result":"Done", "context":{"dataType":"Edge Hub App Usage", "deleted":"1", "process_failed_to_decrypt":"0", "process_pending_decryption":"0", "process_success":"5", "total":"5"}}
{"logTime": "0523/035640", "correlationVector":"NagDpE3P57OKU8CZB8w6U3.7","action":"GetUpdates Response", "result":"Success", "context":Received 213 update(s). cV=NagDpE3P57OKU8CZB8w6U3.0;server=akswtt00100000t;cloudType=Consumer;environment=Prod_southeastasia_prod-s01-065-apac-southeastasia;migrationStage=NotStarted}
{"logTime": "0523/035640", "correlationVector":"TkMLI1Cp1NgNioJAB+aZQk","action":"Initial GetUpdates", "result":"", "context":Reason: NEWLY_SUPPORTED_DATATYPE. cV=TkMLI1Cp1NgNioJAB+aZQk}
{"logTime": "0523/035641", "correlationVector":"TkMLI1Cp1NgNioJAB+aZQk.1","action":"SyncServerConnectionManagerRequest", "result":"SYNC_SERVER_OK", "context":{"environment":"Prod_southeastasia_prod-s01-065-apac-southeastasia", "migrationStage":"NotStarted", "server":"akswtt00100000f"}}
{"logTime": "0523/035641", "correlationVector":"TkMLI1Cp1NgNioJAB+aZQk.2","action":"ProcessGetUpdates", "result":"Done", "context":{"dataType":"History", "deleted":"0", "process_failed_to_decrypt":"0", "process_pending_decryption":"0", "process_success":"250", "total":"250"}}
{"logTime": "0523/035641", "correlationVector":"TkMLI1Cp1NgNioJAB+aZQk.3","action":"GetUpdates Response", "result":"Success", "context":Received 250 update(s). cV=TkMLI1Cp1NgNioJAB+aZQk.0;server=akswtt00100000f;cloudType=Consumer;environment=Prod_southeastasia_prod-s01-065-apac-southeastasia;migrationStage=NotStarted Some updates remain.}
{"logTime": "0523/035641", "correlationVector":"7Q9IzId4QAB2t3shq0QlYe","action":"Initial GetUpdates", "result":"", "context":Reason: NEWLY_SUPPORTED_DATATYPE. cV=7Q9IzId4QAB2t3shq0QlYe}
{"logTime": "0523/035641", "correlationVector":"7Q9IzId4QAB2t3shq0QlYe.1","action":"SyncServerConnectionManagerRequest", "result":"SYNC_SERVER_OK", "context":{"environment":"Prod_southeastasia_prod-s01-065-apac-southeastasia", "migrationStage":"NotStarted", "server":"akswtt001000007"}}
{"logTime": "0523/035641", "correlationVector":"7Q9IzId4QAB2t3shq0QlYe.2","action":"ProcessGetUpdates", "result":"Done", "context":{"dataType":"History", "deleted":"0", "process_failed_to_decrypt":"0", "process_pending_decryption":"0", "process_success":"250", "total":"250"}}
{"logTime": "0523/035641", "correlationVector":"7Q9IzId4QAB2t3shq0QlYe.3","action":"GetUpdates Response", "result":"Success", "context":Received 250 update(s). cV=7Q9IzId4QAB2t3shq0QlYe.0;server=akswtt001000007;cloudType=Consumer;environment=Prod_southeastasia_prod-s01-065-apac-southeastasia;migrationStage=NotStarted Some updates remain.}
{"logTime": "0523/035641", "correlationVector":"Fsg6Kz7R/ckzzyK2Y1saoB","action":"Initial GetUpdates", "result":"", "context":Reason: NEWLY_SUPPORTED_DATATYPE. cV=Fsg6Kz7R/ckzzyK2Y1saoB}
{"logTime": "0523/035642", "correlationVector":"Fsg6Kz7R/ckzzyK2Y1saoB.1","action":"SyncServerConnectionManagerRequest", "result":"SYNC_SERVER_OK", "context":{"environment":"Prod_southeastasia_prod-s01-065-apac-southeastasia", "migrationStage":"NotStarted", "server":"akswtt00100000s"}}
{"logTime": "0523/035642", "correlationVector":"Fsg6Kz7R/ckzzyK2Y1saoB.2","action":"ProcessGetUpdates", "result":"Done", "context":{"dataType":"History", "deleted":"0", "process_failed_to_decrypt":"0", "process_pending_decryption":"0", "process_success":"250", "total":"250"}}
{"logTime": "0523/035642", "correlationVector":"Fsg6Kz7R/ckzzyK2Y1saoB.3","action":"GetUpdates Response", "result":"Success", "context":Received 250 update(s). cV=Fsg6Kz7R/ckzzyK2Y1saoB.0;server=akswtt00100000s;cloudType=Consumer;environment=Prod_southeastasia_prod-s01-065-apac-southeastasia;migrationStage=NotStarted Some updates remain.}
{"logTime": "0523/035642", "correlationVector":"k9cHsNXyvHyruvCG8ZLgbx","action":"Initial GetUpdates", "result":"", "context":Reason: NEWLY_SUPPORTED_DATATYPE. cV=k9cHsNXyvHyruvCG8ZLgbx}
{"logTime": "0523/035642", "correlationVector":"k9cHsNXyvHyruvCG8ZLgbx.1","action":"SyncServerConnectionManagerRequest", "result":"SYNC_SERVER_OK", "context":{"environment":"Prod_southeastasia_prod-s01-065-apac-southeastasia", "migrationStage":"NotStarted", "server":"akswtt00100000j"}}
{"logTime": "0523/035642", "correlationVector":"k9cHsNXyvHyruvCG8ZLgbx.2","action":"ProcessGetUpdates", "result":"Done", "context":{"dataType":"History", "deleted":"0", "process_failed_to_decrypt":"0", "process_pending_decryption":"0", "process_success":"71", "total":"71"}}
{"logTime": "0523/035642", "correlationVector":"k9cHsNXyvHyruvCG8ZLgbx.3","action":"GetUpdates Response", "result":"Success", "context":Received 71 update(s). cV=k9cHsNXyvHyruvCG8ZLgbx.0;server=akswtt00100000j;cloudType=Consumer;environment=Prod_southeastasia_prod-s01-065-apac-southeastasia;migrationStage=NotStarted}
{"logTime": "0523/035642", "correlationVector":"vwKzIIXNmop7uylvxZgMTq","action":"Normal GetUpdate request", "result":"", "context":cV=vwKzIIXNmop7uylvxZgMTq
Nudged types: Preferences, Passwords, Sessions, Device Info, User Consents
Refresh requested types: Bookmarks, Preferences, Passwords, Autofill Profiles, Autofill, Extensions, Sessions, Extension settings, History Delete Directives, Device Info, User Consents, Send Tab To Self, Web Apps, History, Saved Tab Group, WebAuthn Credentials, Collection, Edge E Drop, Edge Hub App Usage, Edge Wallet, Edge Workspace, Encryption Keys}
{"logTime": "0523/035642", "correlationVector":"vwKzIIXNmop7uylvxZgMTq.1","action":"SyncServerConnectionManagerRequest", "result":"SYNC_SERVER_OK", "context":{"environment":"Prod_southeastasia_prod-s01-065-apac-southeastasia", "migrationStage":"NotStarted", "server":"akswtt00100000f"}}
{"logTime": "0523/035642", "correlationVector":"vwKzIIXNmop7uylvxZgMTq.2","action":"GetUpdates Response", "result":"Success", "context":Received 0 update(s). cV=vwKzIIXNmop7uylvxZgMTq.0;server=akswtt00100000f;cloudType=Consumer;environment=Prod_southeastasia_prod-s01-065-apac-southeastasia;migrationStage=NotStarted}
{"logTime": "0523/035642", "correlationVector":"rGNMfdaL4aHRPdEvbzt+sz","action":"Commit Request", "result":"", "context":Item count: 26
Contributing types: Preferences, Passwords, Sessions, Device Info, User Consents}
{"logTime": "0523/035646", "correlationVector":"rGNMfdaL4aHRPdEvbzt+sz.1","action":"SyncServerConnectionManagerRequest", "result":"SYNC_SERVER_OK", "context":{"environment":"Prod_southeastasia_prod-s01-065-apac-southeastasia", "migrationStage":"NotStarted", "server":"akswtt00100000q"}}
{"logTime": "0523/035646", "correlationVector":"rGNMfdaL4aHRPdEvbzt+sz.2","action":"Commit Response", "result":"Success", "context":Result: Success. cV=rGNMfdaL4aHRPdEvbzt+sz.0;server=akswtt00100000q;cloudType=Consumer;environment=Prod_southeastasia_prod-s01-065-apac-southeastasia;migrationStage=NotStarted}
{"logTime": "0523/035731", "correlationVector":"JDlyhCq7Q6rPtDyTbWtZzc","action":"Commit Request", "result":"", "context":Item count: 23
Contributing types: Passwords, History}
{"logTime": "0523/035734", "correlationVector":"JDlyhCq7Q6rPtDyTbWtZzc.1","action":"SyncServerConnectionManagerRequest", "result":"SYNC_SERVER_OK", "context":{"environment":"Prod_southeastasia_prod-s01-064-apac-southeastasia", "migrationStage":"NotStarted", "server":"akswtt001000005"}}
{"logTime": "0523/035734", "correlationVector":"JDlyhCq7Q6rPtDyTbWtZzc.2","action":"Commit Response", "result":"Success", "context":Result: Success. cV=JDlyhCq7Q6rPtDyTbWtZzc.0;server=akswtt001000005;cloudType=Consumer;environment=Prod_southeastasia_prod-s01-064-apac-southeastasia;migrationStage=NotStarted}
{"logTime": "0523/043214", "correlationVector":"rxPZL1ZWYIxVe9LgN7KKLt.1","action":"SyncServerConnectionManagerRequest", "result":"SYNC_SERVER_OK", "context":{"environment":"Prod_southeastasia_prod-s01-065-apac-southeastasia", "migrationStage":"NotStarted", "server":"akswtt00100000b"}}
{"logTime": "0523/043214", "correlationVector":"rxPZL1ZWYIxVe9LgN7KKLt.2","action":"ProcessGetUpdates", "result":"Done", "context":{"dataType":"Encryption Keys", "deleted":"0", "process_failed_to_decrypt":"0", "process_pending_decryption":"0", "process_success":"1", "total":"1"}}
{"logTime": "0523/043214", "correlationVector":"Zr6Azx0dcLqYNyi+ITl0+y","action":"SyncServerConnectionManagerRequest", "result":"SYNC_SERVER_OK", "context":{"environment":"", "migrationStage":"", "server":""}}
{"logTime": "0523/043214", "correlationVector":"Zr6Azx0dcLqYNyi+ITl0+y.0","action":"EncryptionKeysFetcher.DownloadKeys:", "result":"Success", "context":Key count: 6, Last key timestamp: 2026-01-13T15:12:05Z}
{"logTime": "0523/043214", "correlationVector":"Zr6Azx0dcLqYNyi+ITl0+y.1","action":"EncryptionKeysManager::SetEncryptionKeys:", "result":"Success", "context":Key names[6]:[GYRMwZ/FVH+jek6knM9kHPtR66Qb8GnGT6PFPLdM0EbKMJAtNdrWJDowmRaIgsGJceu16tGkDJE+Ya75yW3kzg==][kftzb3qRF5TFoOtOeKiwqgpfzyztTL1H1PFRi+Ja5TRnzCCu2nq+lFwyuJk8sbcxhxfaj/2hiZ811pGD6eu3tQ==][x8AB6KXkoWIkW3lUh/lUU/709/dSY0MUi+O8TfEPbNbH1pDa+MEl+lO4/01oumg95A5Ptc9CRhdg8BoZlDcPRQ==][wp8MTuHNMbCvpcPPFtRKrBj7mwfEq+esi/Ds4PQRY3LCOCApSiVsvF5GZud9VJxqRgxsJYCUuxNFmbb9wsWPEA==][AGQCbkJ/BDvUyehub255hd0/dDneVaTSOHL4nxqCeLOgx+h37973d4Ir0zHHC2RrkVc3nQKNCCqA/VYDp6eWDw==][5FjLOQ9svu3RLx1bNDVjH2rnUfQGE7m3vLMQhQECMYd2telyjiLQgokCy9wg8JFCwlK/31ospP72CaCT7abWZg==]}
{"logTime": "0523/043214", "correlationVector":"Zr6Azx0dcLqYNyi+ITl0+y.2","action":"EncryptionKeysManager::SetEncryptionKeysWithTimestamps:", "result":"Success", "context":Key timestamps[6]:[2023-11-05T16:21:40Z][2024-07-07T22:28:51Z][2024-07-20T16:51:45Z][2025-01-16T22:26:03Z][2025-07-17T11:00:23Z][2026-01-13T15:12:05Z]}
{"logTime": "0523/043214", "correlationVector":"rxPZL1ZWYIxVe9LgN7KKLt","action":"Initial GetUpdates", "result":"", "context":Reason: NEW_CLIENT. cV=rxPZL1ZWYIxVe9LgN7KKLt}
{"logTime": "0523/043214", "correlationVector":"rxPZL1ZWYIxVe9LgN7KKLt.3","action":"GetUpdates Response", "result":"Success", "context":Received 1 update(s). cV=rxPZL1ZWYIxVe9LgN7KKLt.0;server=akswtt00100000b;cloudType=Consumer;environment=Prod_southeastasia_prod-s01-065-apac-southeastasia;migrationStage=NotStarted}
{"logTime": "0523/043214", "correlationVector":"H2IMKMNbix5Baw0aiiCdhg","action":"Initial GetUpdates", "result":"", "context":Reason: NEWLY_SUPPORTED_DATATYPE. cV=H2IMKMNbix5Baw0aiiCdhg}
{"logTime": "0523/043215", "correlationVector":"H2IMKMNbix5Baw0aiiCdhg.1","action":"SyncServerConnectionManagerRequest", "result":"SYNC_SERVER_OK", "context":{"environment":"Prod_southeastasia_prod-s01-065-apac-southeastasia", "migrationStage":"NotStarted", "server":"akswtt00100000s"}}
{"logTime": "0523/043215", "correlationVector":"H2IMKMNbix5Baw0aiiCdhg.2","action":"ProcessGetUpdates", "result":"Done", "context":{"dataType":"Passwords", "deleted":"0", "process_failed_to_decrypt":"0", "process_pending_decryption":"0", "process_success":"23", "total":"23"}}
{"logTime": "0523/043215", "correlationVector":"H2IMKMNbix5Baw0aiiCdhg.3","action":"GetUpdates Response", "result":"Success", "context":Received 23 update(s). cV=H2IMKMNbix5Baw0aiiCdhg.0;server=akswtt00100000s;cloudType=Consumer;environment=Prod_southeastasia_prod-s01-065-apac-southeastasia;migrationStage=NotStarted}
{"logTime": "0523/043215", "correlationVector":"2wx3YaIac4MXzbzdgs0FXW","action":"Normal GetUpdate request", "result":"", "context":cV=2wx3YaIac4MXzbzdgs0FXW
Nudged types: Sessions, History
Refresh requested types: Bookmarks, Preferences, Passwords, Autofill Profiles, Autofill, Extensions, Sessions, Extension settings, History Delete Directives, Device Info, User Consents, Send Tab To Self, Web Apps, History, Saved Tab Group, WebAuthn Credentials, Collection, Edge E Drop, Edge Hub App Usage, Edge Wallet, Edge Workspace, Encryption Keys}
{"logTime": "0523/043215", "correlationVector":"2wx3YaIac4MXzbzdgs0FXW.1","action":"SyncServerConnectionManagerRequest", "result":"SYNC_SERVER_OK", "context":{"environment":"Prod_southeastasia_prod-s01-065-apac-southeastasia", "migrationStage":"NotStarted", "server":"akswtt001000004"}}
{"logTime": "0523/043215", "correlationVector":"2wx3YaIac4MXzbzdgs0FXW.2","action":"ProcessGetUpdates", "result":"Done", "context":{"dataType":"Preferences", "deleted":"0", "process_failed_to_decrypt":"0", "process_pending_decryption":"0", "process_success":"2", "total":"2"}}
{"logTime": "0523/043215", "correlationVector":"2wx3YaIac4MXzbzdgs0FXW.3","action":"ProcessGetUpdates", "result":"Done", "context":{"dataType":"Sessions", "deleted":"5", "process_failed_to_decrypt":"0", "process_pending_decryption":"0", "process_success":"10", "total":"10"}}
{"logTime": "0523/043215", "correlationVector":"2wx3YaIac4MXzbzdgs0FXW.4","action":"ProcessGetUpdates", "result":"Done", "context":{"dataType":"Device Info", "deleted":"0", "process_failed_to_decrypt":"0", "process_pending_decryption":"0", "process_success":"2", "total":"2"}}
{"logTime": "0523/043215", "correlationVector":"2wx3YaIac4MXzbzdgs0FXW.5","action":"ProcessGetUpdates", "result":"Done", "context":{"dataType":"History", "deleted":"0", "process_failed_to_decrypt":"0", "process_pending_decryption":"0", "process_success":"23", "total":"23"}}
{"logTime": "0523/043215", "correlationVector":"2wx3YaIac4MXzbzdgs0FXW.6","action":"GetUpdates Response", "result":"Success", "context":Received 37 update(s). cV=2wx3YaIac4MXzbzdgs0FXW.0;server=akswtt001000004;cloudType=Consumer;environment=Prod_southeastasia_prod-s01-065-apac-southeastasia;migrationStage=NotStarted}
{"logTime": "0523/043215", "correlationVector":"OKuyEq8UAwS5DKgOte5Ufw","action":"Commit Request", "result":"", "context":Item count: 6
Contributing types: Sessions, History}
{"logTime": "0523/043216", "correlationVector":"OKuyEq8UAwS5DKgOte5Ufw.1","action":"SyncServerConnectionManagerRequest", "result":"SYNC_SERVER_OK", "context":{"environment":"Prod_southeastasia_prod-s01-065-apac-southeastasia", "migrationStage":"NotStarted", "server":"akswtt001000000"}}
{"logTime": "0523/043216", "correlationVector":"OKuyEq8UAwS5DKgOte5Ufw.3","action":"Commit.Sessions", "result":"Success", "context":{"id":"22047de2-d877-406a-a2fa-91a520853fe9", "isDeleted":"true", "size":"0", "version":"1779508605583"}}
{"logTime": "0523/043216", "correlationVector":"OKuyEq8UAwS5DKgOte5Ufw.2","action":"Commit Response", "result":"Success", "context":Result: Success. cV=OKuyEq8UAwS5DKgOte5Ufw.0;server=akswtt001000000;cloudType=Consumer;environment=Prod_southeastasia_prod-s01-065-apac-southeastasia;migrationStage=NotStarted}
{"logTime": "0523/043219", "correlationVector":"vlxvWBFeGlUrsBF0AaNmJF","action":"Commit Request", "result":"", "context":Item count: 24
Contributing types: Preferences, Passwords, Sessions, History}
{"logTime": "0523/043222", "correlationVector":"vlxvWBFeGlUrsBF0AaNmJF.1","action":"SyncServerConnectionManagerRequest", "result":"SYNC_SERVER_OK", "context":{"environment":"Prod_southeastasia_prod-s01-065-apac-southeastasia", "migrationStage":"NotStarted", "server":"akswtt00100000k"}}
{"logTime": "0523/043222", "correlationVector":"vlxvWBFeGlUrsBF0AaNmJF.2","action":"Commit Response", "result":"Success", "context":Result: Success. cV=vlxvWBFeGlUrsBF0AaNmJF.0;server=akswtt00100000k;cloudType=Consumer;environment=Prod_southeastasia_prod-s01-065-apac-southeastasia;migrationStage=NotStarted}
{"logTime": "0523/043224", "correlationVector":"iIzhEbBplnaBo/E1OgqFVL","action":"Commit Request", "result":"", "context":Item count: 1
Contributing types: Preferences}
{"logTime": "0523/043225", "correlationVector":"iIzhEbBplnaBo/E1OgqFVL.1","action":"SyncServerConnectionManagerRequest", "result":"SYNC_SERVER_OK", "context":{"environment":"Prod_southeastasia_prod-s01-065-apac-southeastasia", "migrationStage":"NotStarted", "server":"akswtt001000000"}}
{"logTime": "0523/043225", "correlationVector":"iIzhEbBplnaBo/E1OgqFVL.2","action":"Commit Response", "result":"Success", "context":Result: Success. cV=iIzhEbBplnaBo/E1OgqFVL.0;server=akswtt001000000;cloudType=Consumer;environment=Prod_southeastasia_prod-s01-065-apac-southeastasia;migrationStage=NotStarted}
{"logTime": "0523/043358", "correlationVector":"vL9GL7sk5NlmgVXrclQlk2","action":"Commit Request", "result":"", "context":Item count: 3
Contributing types: Sessions, History}
{"logTime": "0523/043359", "correlationVector":"vL9GL7sk5NlmgVXrclQlk2.1","action":"SyncServerConnectionManagerRequest", "result":"SYNC_SERVER_OK", "context":{"environment":"Prod_southeastasia_prod-s01-065-apac-southeastasia", "migrationStage":"NotStarted", "server":"akswtt001000000"}}
{"logTime": "0523/043359", "correlationVector":"vL9GL7sk5NlmgVXrclQlk2.2","action":"Commit Response", "result":"Success", "context":Result: Success. cV=vL9GL7sk5NlmgVXrclQlk2.0;server=akswtt001000000;cloudType=Consumer;environment=Prod_southeastasia_prod-s01-065-apac-southeastasia;migrationStage=NotStarted}
